0 info it worked if it ends with ok
1 verbose cli [ 'C:\\Program Files\\nodejs\\node.exe',
1 verbose cli   'C:\\Program Files\\nodejs\\node_modules\\npm\\bin\\npm-cli.js',
1 verbose cli   'install',
1 verbose cli   'canvas' ]
2 info using npm@3.8.3
3 info using node@v5.10.1
4 silly loadCurrentTree Starting
5 silly install loadCurrentTree
6 silly install readLocalPackageData
7 silly fetchPackageMetaData canvas
8 silly fetchNamedPackageData canvas
9 silly mapToRegistry name canvas
10 silly mapToRegistry using default registry
11 silly mapToRegistry registry https://registry.npmjs.org/
12 silly mapToRegistry data Result {
12 silly mapToRegistry   raw: 'canvas',
12 silly mapToRegistry   scope: null,
12 silly mapToRegistry   name: 'canvas',
12 silly mapToRegistry   rawSpec: '',
12 silly mapToRegistry   spec: 'latest',
12 silly mapToRegistry   type: 'tag' }
13 silly mapToRegistry uri https://registry.npmjs.org/canvas
14 verbose request uri https://registry.npmjs.org/canvas
15 verbose request no auth needed
16 info attempt registry request try #1 at 12:42:01 PM
17 verbose request id 6538acfada07a32d
18 http request GET https://registry.npmjs.org/canvas
19 http 200 https://registry.npmjs.org/canvas
20 verbose headers { server: 'CouchDB/1.5.0 (Erlang OTP/R16B03)',
20 verbose headers   etag: '"57AK0CPSGA3H2V68O9QZS4L43"',
20 verbose headers   'content-type': 'application/json',
20 verbose headers   'content-encoding': 'gzip',
20 verbose headers   'cache-control': 'max-age=300',
20 verbose headers   'content-length': '16418',
20 verbose headers   'accept-ranges': 'bytes',
20 verbose headers   date: 'Mon, 30 May 2016 19:42:14 GMT',
20 verbose headers   via: '1.1 varnish',
20 verbose headers   age: '54',
20 verbose headers   connection: 'keep-alive',
20 verbose headers   'x-served-by': 'cache-lax1440-LAX',
20 verbose headers   'x-cache': 'HIT',
20 verbose headers   'x-cache-hits': '1',
20 verbose headers   'x-timer': 'S1464637334.653285,VS0,VE0',
20 verbose headers   vary: 'Accept-Encoding' }
21 silly get cb [ 200,
21 silly get   { server: 'CouchDB/1.5.0 (Erlang OTP/R16B03)',
21 silly get     etag: '"57AK0CPSGA3H2V68O9QZS4L43"',
21 silly get     'content-type': 'application/json',
21 silly get     'content-encoding': 'gzip',
21 silly get     'cache-control': 'max-age=300',
21 silly get     'content-length': '16418',
21 silly get     'accept-ranges': 'bytes',
21 silly get     date: 'Mon, 30 May 2016 19:42:14 GMT',
21 silly get     via: '1.1 varnish',
21 silly get     age: '54',
21 silly get     connection: 'keep-alive',
21 silly get     'x-served-by': 'cache-lax1440-LAX',
21 silly get     'x-cache': 'HIT',
21 silly get     'x-cache-hits': '1',
21 silly get     'x-timer': 'S1464637334.653285,VS0,VE0',
21 silly get     vary: 'Accept-Encoding' } ]
22 verbose get saving canvas to C:\Users\uli\AppData\Roaming\npm-cache\registry.npmjs.org\canvas\.cache.json
23 verbose correctMkdir C:\Users\uli\AppData\Roaming\npm-cache correctMkdir not in flight; initializing
24 silly install normalizeTree
25 silly loadCurrentTree Finishing
26 silly loadIdealTree Starting
27 silly install loadIdealTree
28 silly cloneCurrentTree Starting
29 silly install cloneCurrentTreeToIdealTree
30 silly cloneCurrentTree Finishing
31 silly loadShrinkwrap Starting
32 silly install loadShrinkwrap
33 silly loadShrinkwrap Finishing
34 silly loadAllDepsIntoIdealTree Starting
35 silly install loadAllDepsIntoIdealTree
36 silly resolveWithNewModule canvas@1.3.16 checking installable status
37 silly cache add args [ 'canvas', null ]
38 verbose cache add spec canvas
39 silly cache add parsed spec Result {
39 silly cache add   raw: 'canvas',
39 silly cache add   scope: null,
39 silly cache add   name: 'canvas',
39 silly cache add   rawSpec: '',
39 silly cache add   spec: 'latest',
39 silly cache add   type: 'tag' }
40 silly addNamed canvas@latest
41 verbose addNamed "latest" is being treated as a dist-tag for canvas
42 info addNameTag [ 'canvas', 'latest' ]
43 silly mapToRegistry name canvas
44 silly mapToRegistry using default registry
45 silly mapToRegistry registry https://registry.npmjs.org/
46 silly mapToRegistry data Result {
46 silly mapToRegistry   raw: 'canvas',
46 silly mapToRegistry   scope: null,
46 silly mapToRegistry   name: 'canvas',
46 silly mapToRegistry   rawSpec: '',
46 silly mapToRegistry   spec: 'latest',
46 silly mapToRegistry   type: 'tag' }
47 silly mapToRegistry uri https://registry.npmjs.org/canvas
48 verbose addNameTag registry:https://registry.npmjs.org/canvas not in flight; fetching
49 verbose get https://registry.npmjs.org/canvas not expired, no request
50 silly addNameTag next cb for canvas with tag latest
51 silly addNamed canvas@1.3.16
52 verbose addNamed "1.3.16" is a plain semver version for canvas
53 silly mapToRegistry name canvas
54 silly mapToRegistry using default registry
55 silly mapToRegistry registry https://registry.npmjs.org/
56 silly mapToRegistry data Result {
56 silly mapToRegistry   raw: 'canvas',
56 silly mapToRegistry   scope: null,
56 silly mapToRegistry   name: 'canvas',
56 silly mapToRegistry   rawSpec: '',
56 silly mapToRegistry   spec: 'latest',
56 silly mapToRegistry   type: 'tag' }
57 silly mapToRegistry uri https://registry.npmjs.org/canvas
58 verbose addRemoteTarball https://registry.npmjs.org/canvas/-/canvas-1.3.16.tgz not in flight; adding
59 verbose addRemoteTarball [ 'https://registry.npmjs.org/canvas/-/canvas-1.3.16.tgz',
59 verbose addRemoteTarball   '7ebde8c54d098fb59b9b598f94c908f6e939147d' ]
60 info retry fetch attempt 1 at 12:42:01 PM
61 info attempt registry request try #1 at 12:42:01 PM
62 http fetch GET https://registry.npmjs.org/canvas/-/canvas-1.3.16.tgz
63 http fetch 200 https://registry.npmjs.org/canvas/-/canvas-1.3.16.tgz
64 silly fetchAndShaCheck shasum 7ebde8c54d098fb59b9b598f94c908f6e939147d
65 verbose addTmpTarball C:\Users\uli\.babun\cygwin\tmp\npm-9772-aa189bc7\registry.npmjs.org\canvas\-\canvas-1.3.16.tgz not in flight; adding
66 verbose addTmpTarball already have metadata; skipping unpack for canvas@1.3.16
67 verbose correctMkdir C:\Users\uli\AppData\Roaming\npm-cache correctMkdir not in flight; initializing
68 silly cache afterAdd canvas@1.3.16
69 verbose afterAdd C:\Users\uli\AppData\Roaming\npm-cache\canvas\1.3.16\package\package.json not in flight; writing
70 verbose correctMkdir C:\Users\uli\AppData\Roaming\npm-cache correctMkdir not in flight; initializing
71 verbose afterAdd C:\Users\uli\AppData\Roaming\npm-cache\canvas\1.3.16\package\package.json written
72 silly fetchNamedPackageData nan
73 silly mapToRegistry name nan
74 silly mapToRegistry using default registry
75 silly mapToRegistry registry https://registry.npmjs.org/
76 silly mapToRegistry data Result {
76 silly mapToRegistry   raw: 'nan',
76 silly mapToRegistry   scope: null,
76 silly mapToRegistry   name: 'nan',
76 silly mapToRegistry   rawSpec: '',
76 silly mapToRegistry   spec: 'latest',
76 silly mapToRegistry   type: 'tag' }
77 silly mapToRegistry uri https://registry.npmjs.org/nan
78 verbose request uri https://registry.npmjs.org/nan
79 verbose request no auth needed
80 info attempt registry request try #1 at 12:42:01 PM
81 http request GET https://registry.npmjs.org/nan
82 http 200 https://registry.npmjs.org/nan
83 verbose headers { server: 'CouchDB/1.5.0 (Erlang OTP/R16B03)',
83 verbose headers   etag: '"24B26O57Z0ASCDVIYEYKA8KVW"',
83 verbose headers   'content-type': 'application/json',
83 verbose headers   'content-encoding': 'gzip',
83 verbose headers   'cache-control': 'max-age=300',
83 verbose headers   'content-length': '16617',
83 verbose headers   'accept-ranges': 'bytes',
83 verbose headers   date: 'Mon, 30 May 2016 19:42:14 GMT',
83 verbose headers   via: '1.1 varnish',
83 verbose headers   age: '81',
83 verbose headers   connection: 'keep-alive',
83 verbose headers   'x-served-by': 'cache-lax1440-LAX',
83 verbose headers   'x-cache': 'HIT',
83 verbose headers   'x-cache-hits': '1',
83 verbose headers   'x-timer': 'S1464637334.849918,VS0,VE0',
83 verbose headers   vary: 'Accept-Encoding' }
84 silly get cb [ 200,
84 silly get   { server: 'CouchDB/1.5.0 (Erlang OTP/R16B03)',
84 silly get     etag: '"24B26O57Z0ASCDVIYEYKA8KVW"',
84 silly get     'content-type': 'application/json',
84 silly get     'content-encoding': 'gzip',
84 silly get     'cache-control': 'max-age=300',
84 silly get     'content-length': '16617',
84 silly get     'accept-ranges': 'bytes',
84 silly get     date: 'Mon, 30 May 2016 19:42:14 GMT',
84 silly get     via: '1.1 varnish',
84 silly get     age: '81',
84 silly get     connection: 'keep-alive',
84 silly get     'x-served-by': 'cache-lax1440-LAX',
84 silly get     'x-cache': 'HIT',
84 silly get     'x-cache-hits': '1',
84 silly get     'x-timer': 'S1464637334.849918,VS0,VE0',
84 silly get     vary: 'Accept-Encoding' } ]
85 verbose get saving nan to C:\Users\uli\AppData\Roaming\npm-cache\registry.npmjs.org\nan\.cache.json
86 verbose correctMkdir C:\Users\uli\AppData\Roaming\npm-cache correctMkdir not in flight; initializing
87 silly resolveWithNewModule nan@2.3.3 checking installable status
88 silly cache add args [ 'nan@^2.3.2', null ]
89 verbose cache add spec nan@^2.3.2
90 silly cache add parsed spec Result {
90 silly cache add   raw: 'nan@^2.3.2',
90 silly cache add   scope: null,
90 silly cache add   name: 'nan',
90 silly cache add   rawSpec: '^2.3.2',
90 silly cache add   spec: '>=2.3.2 <3.0.0',
90 silly cache add   type: 'range' }
91 silly addNamed nan@>=2.3.2 <3.0.0
92 verbose addNamed ">=2.3.2 <3.0.0" is a valid semver range for nan
93 silly addNameRange { name: 'nan', range: '>=2.3.2 <3.0.0', hasData: false }
94 silly mapToRegistry name nan
95 silly mapToRegistry using default registry
96 silly mapToRegistry registry https://registry.npmjs.org/
97 silly mapToRegistry data Result {
97 silly mapToRegistry   raw: 'nan',
97 silly mapToRegistry   scope: null,
97 silly mapToRegistry   name: 'nan',
97 silly mapToRegistry   rawSpec: '',
97 silly mapToRegistry   spec: 'latest',
97 silly mapToRegistry   type: 'tag' }
98 silly mapToRegistry uri https://registry.npmjs.org/nan
99 verbose addNameRange registry:https://registry.npmjs.org/nan not in flight; fetching
100 verbose get https://registry.npmjs.org/nan not expired, no request
101 silly addNameRange number 2 { name: 'nan', range: '>=2.3.2 <3.0.0', hasData: true }
102 silly addNameRange versions [ 'nan',
102 silly addNameRange   [ '0.3.0-wip',
102 silly addNameRange     '0.3.0-wip2',
102 silly addNameRange     '0.3.0',
102 silly addNameRange     '0.3.1',
102 silly addNameRange     '0.3.2',
102 silly addNameRange     '0.4.0',
102 silly addNameRange     '0.4.1',
102 silly addNameRange     '0.4.2',
102 silly addNameRange     '0.4.3',
102 silly addNameRange     '0.4.4',
102 silly addNameRange     '0.5.0',
102 silly addNameRange     '0.5.1',
102 silly addNameRange     '0.5.2',
102 silly addNameRange     '0.6.0',
102 silly addNameRange     '0.7.0',
102 silly addNameRange     '0.7.1',
102 silly addNameRange     '0.8.0',
102 silly addNameRange     '1.0.0',
102 silly addNameRange     '1.1.0',
102 silly addNameRange     '1.1.1',
102 silly addNameRange     '1.1.2',
102 silly addNameRange     '1.2.0',
102 silly addNameRange     '1.3.0',
102 silly addNameRange     '1.4.0',
102 silly addNameRange     '1.4.1',
102 silly addNameRange     '1.5.0',
102 silly addNameRange     '1.4.2',
102 silly addNameRange     '1.4.3',
102 silly addNameRange     '1.5.1',
102 silly addNameRange     '1.5.2',
102 silly addNameRange     '1.6.0',
102 silly addNameRange     '1.5.3',
102 silly addNameRange     '1.6.1',
102 silly addNameRange     '1.6.2',
102 silly addNameRange     '1.7.0',
102 silly addNameRange     '1.8.0',
102 silly addNameRange     '1.8.1',
102 silly addNameRange     '1.8.2',
102 silly addNameRange     '1.8.3',
102 silly addNameRange     '1.8.4',
102 silly addNameRange     '1.9.0',
102 silly addNameRange     '2.0.0',
102 silly addNameRange     '2.0.1',
102 silly addNameRange     '2.0.2',
102 silly addNameRange     '2.0.3',
102 silly addNameRange     '2.0.4',
102 silly addNameRange     '2.0.5',
102 silly addNameRange     '2.0.6',
102 silly addNameRange     '2.0.7',
102 silly addNameRange     '2.0.8',
102 silly addNameRange     '2.0.9',
102 silly addNameRange     '2.1.0',
102 silly addNameRange     '2.2.0',
102 silly addNameRange     '2.2.1',
102 silly addNameRange     '2.3.0',
102 silly addNameRange     '2.3.1',
102 silly addNameRange     '2.3.2',
102 silly addNameRange     '2.3.3' ] ]
103 silly addNamed nan@2.3.3
104 verbose addNamed "2.3.3" is a plain semver version for nan
105 silly mapToRegistry name nan
106 silly mapToRegistry using default registry
107 silly mapToRegistry registry https://registry.npmjs.org/
108 silly mapToRegistry data Result {
108 silly mapToRegistry   raw: 'nan',
108 silly mapToRegistry   scope: null,
108 silly mapToRegistry   name: 'nan',
108 silly mapToRegistry   rawSpec: '',
108 silly mapToRegistry   spec: 'latest',
108 silly mapToRegistry   type: 'tag' }
109 silly mapToRegistry uri https://registry.npmjs.org/nan
110 verbose addRemoteTarball https://registry.npmjs.org/nan/-/nan-2.3.3.tgz not in flight; adding
111 verbose addRemoteTarball [ 'https://registry.npmjs.org/nan/-/nan-2.3.3.tgz',
111 verbose addRemoteTarball   '64dd83c9704a83648b6c72b401f6384bd94ef16f' ]
112 info retry fetch attempt 1 at 12:42:01 PM
113 info attempt registry request try #1 at 12:42:01 PM
114 http fetch GET https://registry.npmjs.org/nan/-/nan-2.3.3.tgz
115 http fetch 200 https://registry.npmjs.org/nan/-/nan-2.3.3.tgz
116 silly fetchAndShaCheck shasum 64dd83c9704a83648b6c72b401f6384bd94ef16f
117 verbose addTmpTarball C:\Users\uli\.babun\cygwin\tmp\npm-9772-aa189bc7\registry.npmjs.org\nan\-\nan-2.3.3.tgz not in flight; adding
118 verbose addTmpTarball already have metadata; skipping unpack for nan@2.3.3
119 verbose correctMkdir C:\Users\uli\AppData\Roaming\npm-cache correctMkdir not in flight; initializing
120 silly cache afterAdd nan@2.3.3
121 verbose afterAdd C:\Users\uli\AppData\Roaming\npm-cache\nan\2.3.3\package\package.json not in flight; writing
122 verbose correctMkdir C:\Users\uli\AppData\Roaming\npm-cache correctMkdir not in flight; initializing
123 verbose afterAdd C:\Users\uli\AppData\Roaming\npm-cache\nan\2.3.3\package\package.json written
124 silly loadAllDepsIntoIdealTree Finishing
125 silly idealTree:prePrune StrataJS
125 silly idealTree:prePrune +-- accepts@1.2.13
125 silly idealTree:prePrune +-- array-flatten@1.1.1
125 silly idealTree:prePrune +-- canvas@1.3.16
125 silly idealTree:prePrune +-- content-disposition@0.5.1
125 silly idealTree:prePrune +-- content-type@1.0.2
125 silly idealTree:prePrune +-- cookie-signature@1.0.6
125 silly idealTree:prePrune +-- cookie@0.1.5
125 silly idealTree:prePrune +-- debug@2.2.0
125 silly idealTree:prePrune +-- depd@1.1.0
125 silly idealTree:prePrune +-- destroy@1.0.4
125 silly idealTree:prePrune +-- ee-first@1.1.1
125 silly idealTree:prePrune +-- escape-html@1.0.3
125 silly idealTree:prePrune +-- etag@1.7.0
125 silly idealTree:prePrune +-- express@4.13.4
125 silly idealTree:prePrune +-- finalhandler@0.4.1
125 silly idealTree:prePrune +-- forwarded@0.1.0
125 silly idealTree:prePrune +-- fresh@0.3.0
125 silly idealTree:prePrune +-- http-errors@1.3.1
125 silly idealTree:prePrune +-- inherits@2.0.1
125 silly idealTree:prePrune +-- ipaddr.js@1.0.5
125 silly idealTree:prePrune +-- media-typer@0.3.0
125 silly idealTree:prePrune +-- merge-descriptors@1.0.1
125 silly idealTree:prePrune +-- methods@1.1.2
125 silly idealTree:prePrune +-- mime-db@1.23.0
125 silly idealTree:prePrune +-- mime-types@2.1.11
125 silly idealTree:prePrune +-- mime@1.3.4
125 silly idealTree:prePrune +-- ms@0.7.1
125 silly idealTree:prePrune +-- nan@2.3.3
125 silly idealTree:prePrune +-- negotiator@0.5.3
125 silly idealTree:prePrune +-- on-finished@2.3.0
125 silly idealTree:prePrune +-- parseurl@1.3.1
125 silly idealTree:prePrune +-- path-to-regexp@0.1.7
125 silly idealTree:prePrune +-- proxy-addr@1.0.10
125 silly idealTree:prePrune +-- qs@4.0.0
125 silly idealTree:prePrune +-- range-parser@1.0.3
125 silly idealTree:prePrune +-- send@0.13.1
125 silly idealTree:prePrune +-- serve-static@1.10.2
125 silly idealTree:prePrune +-- statuses@1.2.1
125 silly idealTree:prePrune +-- type-is@1.6.13
125 silly idealTree:prePrune +-- unpipe@1.0.0
125 silly idealTree:prePrune +-- utils-merge@1.0.0
125 silly idealTree:prePrune `-- vary@1.0.1
126 silly loadIdealTree Finishing
127 silly currentTree StrataJS
127 silly currentTree +-- accepts@1.2.13
127 silly currentTree +-- array-flatten@1.1.1
127 silly currentTree +-- content-disposition@0.5.1
127 silly currentTree +-- content-type@1.0.2
127 silly currentTree +-- cookie-signature@1.0.6
127 silly currentTree +-- cookie@0.1.5
127 silly currentTree +-- debug@2.2.0
127 silly currentTree +-- depd@1.1.0
127 silly currentTree +-- destroy@1.0.4
127 silly currentTree +-- ee-first@1.1.1
127 silly currentTree +-- escape-html@1.0.3
127 silly currentTree +-- etag@1.7.0
127 silly currentTree +-- express@4.13.4
127 silly currentTree +-- finalhandler@0.4.1
127 silly currentTree +-- forwarded@0.1.0
127 silly currentTree +-- fresh@0.3.0
127 silly currentTree +-- http-errors@1.3.1
127 silly currentTree +-- inherits@2.0.1
127 silly currentTree +-- ipaddr.js@1.0.5
127 silly currentTree +-- media-typer@0.3.0
127 silly currentTree +-- merge-descriptors@1.0.1
127 silly currentTree +-- methods@1.1.2
127 silly currentTree +-- mime-db@1.23.0
127 silly currentTree +-- mime-types@2.1.11
127 silly currentTree +-- mime@1.3.4
127 silly currentTree +-- ms@0.7.1
127 silly currentTree +-- negotiator@0.5.3
127 silly currentTree +-- on-finished@2.3.0
127 silly currentTree +-- parseurl@1.3.1
127 silly currentTree +-- path-to-regexp@0.1.7
127 silly currentTree +-- proxy-addr@1.0.10
127 silly currentTree +-- qs@4.0.0
127 silly currentTree +-- range-parser@1.0.3
127 silly currentTree +-- send@0.13.1
127 silly currentTree +-- serve-static@1.10.2
127 silly currentTree +-- statuses@1.2.1
127 silly currentTree +-- type-is@1.6.13
127 silly currentTree +-- unpipe@1.0.0
127 silly currentTree +-- utils-merge@1.0.0
127 silly currentTree `-- vary@1.0.1
128 silly idealTree StrataJS
128 silly idealTree +-- accepts@1.2.13
128 silly idealTree +-- array-flatten@1.1.1
128 silly idealTree +-- canvas@1.3.16
128 silly idealTree +-- content-disposition@0.5.1
128 silly idealTree +-- content-type@1.0.2
128 silly idealTree +-- cookie-signature@1.0.6
128 silly idealTree +-- cookie@0.1.5
128 silly idealTree +-- debug@2.2.0
128 silly idealTree +-- depd@1.1.0
128 silly idealTree +-- destroy@1.0.4
128 silly idealTree +-- ee-first@1.1.1
128 silly idealTree +-- escape-html@1.0.3
128 silly idealTree +-- etag@1.7.0
128 silly idealTree +-- express@4.13.4
128 silly idealTree +-- finalhandler@0.4.1
128 silly idealTree +-- forwarded@0.1.0
128 silly idealTree +-- fresh@0.3.0
128 silly idealTree +-- http-errors@1.3.1
128 silly idealTree +-- inherits@2.0.1
128 silly idealTree +-- ipaddr.js@1.0.5
128 silly idealTree +-- media-typer@0.3.0
128 silly idealTree +-- merge-descriptors@1.0.1
128 silly idealTree +-- methods@1.1.2
128 silly idealTree +-- mime-db@1.23.0
128 silly idealTree +-- mime-types@2.1.11
128 silly idealTree +-- mime@1.3.4
128 silly idealTree +-- ms@0.7.1
128 silly idealTree +-- nan@2.3.3
128 silly idealTree +-- negotiator@0.5.3
128 silly idealTree +-- on-finished@2.3.0
128 silly idealTree +-- parseurl@1.3.1
128 silly idealTree +-- path-to-regexp@0.1.7
128 silly idealTree +-- proxy-addr@1.0.10
128 silly idealTree +-- qs@4.0.0
128 silly idealTree +-- range-parser@1.0.3
128 silly idealTree +-- send@0.13.1
128 silly idealTree +-- serve-static@1.10.2
128 silly idealTree +-- statuses@1.2.1
128 silly idealTree +-- type-is@1.6.13
128 silly idealTree +-- unpipe@1.0.0
128 silly idealTree +-- utils-merge@1.0.0
128 silly idealTree `-- vary@1.0.1
129 silly generateActionsToTake Starting
130 silly install generateActionsToTake
131 silly generateActionsToTake Finishing
132 silly diffTrees action count 3
133 silly diffTrees add nan@2.3.3
134 silly diffTrees add canvas@1.3.16
135 silly diffTrees update express@4.13.4
136 silly decomposeActions action count 24
137 silly decomposeActions fetch nan@2.3.3
138 silly decomposeActions extract nan@2.3.3
139 silly decomposeActions test nan@2.3.3
140 silly decomposeActions preinstall nan@2.3.3
141 silly decomposeActions build nan@2.3.3
142 silly decomposeActions install nan@2.3.3
143 silly decomposeActions postinstall nan@2.3.3
144 silly decomposeActions finalize nan@2.3.3
145 silly decomposeActions fetch canvas@1.3.16
146 silly decomposeActions extract canvas@1.3.16
147 silly decomposeActions test canvas@1.3.16
148 silly decomposeActions preinstall canvas@1.3.16
149 silly decomposeActions build canvas@1.3.16
150 silly decomposeActions install canvas@1.3.16
151 silly decomposeActions postinstall canvas@1.3.16
152 silly decomposeActions finalize canvas@1.3.16
153 silly decomposeActions fetch express@4.13.4
154 silly decomposeActions extract express@4.13.4
155 silly decomposeActions test express@4.13.4
156 silly decomposeActions preinstall express@4.13.4
157 silly decomposeActions build express@4.13.4
158 silly decomposeActions install express@4.13.4
159 silly decomposeActions postinstall express@4.13.4
160 silly decomposeActions finalize express@4.13.4
161 silly executeActions Starting
162 silly install executeActions
163 silly doSerial global-install 0
164 silly doParallel fetch 3
165 verbose correctMkdir C:\Users\uli\AppData\Roaming\npm-cache\_locks correctMkdir not in flight; initializing
166 verbose lock using C:\Users\uli\AppData\Roaming\npm-cache\_locks\staging-6e4bcc4c09cc22f2.lock for C:\Users\uli\projects\StrataJS\node_modules\.staging
167 silly doParallel extract 3
168 silly extract nan@2.3.3
169 silly extract canvas@1.3.16
170 silly extract express@4.13.4
171 verbose unbuild node_modules\.staging\canvas-790a210e
172 verbose unbuild node_modules\.staging\nan-8715b4d9
173 silly gentlyRm C:\Users\uli\projects\StrataJS\node_modules\.staging\canvas-790a210e is being purged from base C:\Users\uli\projects\StrataJS
174 verbose gentlyRm don't care about contents; nuking C:\Users\uli\projects\StrataJS\node_modules\.staging\canvas-790a210e
175 silly gentlyRm C:\Users\uli\projects\StrataJS\node_modules\.staging\nan-8715b4d9 is being purged from base C:\Users\uli\projects\StrataJS
176 verbose gentlyRm don't care about contents; nuking C:\Users\uli\projects\StrataJS\node_modules\.staging\nan-8715b4d9
177 verbose tar unpack C:\Users\uli\AppData\Roaming\npm-cache\canvas\1.3.16\package.tgz
178 verbose tar unpacking to C:\Users\uli\projects\StrataJS\node_modules\.staging\canvas-790a210e
179 silly gentlyRm C:\Users\uli\projects\StrataJS\node_modules\.staging\canvas-790a210e is being purged
180 verbose gentlyRm don't care about contents; nuking C:\Users\uli\projects\StrataJS\node_modules\.staging\canvas-790a210e
181 verbose tar unpack C:\Users\uli\AppData\Roaming\npm-cache\nan\2.3.3\package.tgz
182 verbose tar unpacking to C:\Users\uli\projects\StrataJS\node_modules\.staging\nan-8715b4d9
183 silly gentlyRm C:\Users\uli\projects\StrataJS\node_modules\.staging\nan-8715b4d9 is being purged
184 verbose gentlyRm don't care about contents; nuking C:\Users\uli\projects\StrataJS\node_modules\.staging\nan-8715b4d9
185 silly gunzTarPerm modes [ '777', '666' ]
186 silly gunzTarPerm modes [ '777', '666' ]
187 verbose unbuild node_modules\.staging\express-bc22d774
188 silly gentlyRm C:\Users\uli\projects\StrataJS\node_modules\.staging\express-bc22d774 is being purged from base C:\Users\uli\projects\StrataJS
189 verbose gentlyRm don't care about contents; nuking C:\Users\uli\projects\StrataJS\node_modules\.staging\express-bc22d774
190 verbose tar unpack C:\Users\uli\AppData\Roaming\npm-cache\express\4.13.4\package.tgz
191 verbose tar unpacking to C:\Users\uli\projects\StrataJS\node_modules\.staging\express-bc22d774
192 silly gentlyRm C:\Users\uli\projects\StrataJS\node_modules\.staging\express-bc22d774 is being purged
193 verbose gentlyRm don't care about contents; nuking C:\Users\uli\projects\StrataJS\node_modules\.staging\express-bc22d774
194 silly gunzTarPerm modes [ '777', '666' ]
195 silly gunzTarPerm extractEntry package.json
196 silly gunzTarPerm modified mode [ 'package.json', 420, 438 ]
197 silly gunzTarPerm extractEntry package.json
198 silly gunzTarPerm modified mode [ 'package.json', 436, 438 ]
199 silly gunzTarPerm extractEntry .npmignore
200 silly gunzTarPerm modified mode [ '.npmignore', 420, 438 ]
201 silly gunzTarPerm extractEntry index.js
202 silly gunzTarPerm modified mode [ 'index.js', 420, 438 ]
203 silly gunzTarPerm extractEntry README.md
204 silly gunzTarPerm modified mode [ 'README.md', 436, 438 ]
205 silly gunzTarPerm extractEntry include_dirs.js
206 silly gunzTarPerm modified mode [ 'include_dirs.js', 436, 438 ]
207 silly gunzTarPerm extractEntry package.json
208 silly gunzTarPerm extractEntry LICENSE
209 silly gunzTarPerm extractEntry index.js
210 silly gunzTarPerm extractEntry Readme.md
211 silly gunzTarPerm modified mode [ 'Readme.md', 420, 438 ]
212 silly gunzTarPerm extractEntry binding.gyp
213 silly gunzTarPerm modified mode [ 'binding.gyp', 493, 511 ]
214 silly gunzTarPerm extractEntry History.md
215 silly gunzTarPerm extractEntry Readme.md
216 silly gunzTarPerm extractEntry lib/application.js
217 silly gunzTarPerm extractEntry lib/express.js
218 silly gunzTarPerm extractEntry lib/request.js
219 silly gunzTarPerm extractEntry lib/response.js
220 silly gunzTarPerm extractEntry lib/utils.js
221 silly gunzTarPerm extractEntry lib/view.js
222 silly gunzTarPerm extractEntry lib/middleware/init.js
223 silly gunzTarPerm extractEntry lib/middleware/query.js
224 silly gunzTarPerm extractEntry lib/router/index.js
225 silly gunzTarPerm extractEntry lib/router/layer.js
226 silly gunzTarPerm extractEntry lib/router/route.js
227 silly gunzTarPerm extractEntry nan_converters.h
228 silly gunzTarPerm modified mode [ 'nan_converters.h', 436, 438 ]
229 silly gunzTarPerm extractEntry LICENSE.md
230 silly gunzTarPerm modified mode [ 'LICENSE.md', 436, 438 ]
231 silly gunzTarPerm extractEntry doc/node_misc.md
232 silly gunzTarPerm modified mode [ 'doc/node_misc.md', 436, 438 ]
233 silly gunzTarPerm extractEntry doc/asyncworker.md
234 silly gunzTarPerm modified mode [ 'doc/asyncworker.md', 436, 438 ]
235 silly gunzTarPerm extractEntry .travis.yml
236 silly gunzTarPerm modified mode [ '.travis.yml', 420, 438 ]
237 silly gunzTarPerm extractEntry doc/callback.md
238 silly gunzTarPerm modified mode [ 'doc/callback.md', 436, 438 ]
239 silly gunzTarPerm extractEntry doc/converters.md
240 silly gunzTarPerm modified mode [ 'doc/converters.md', 436, 438 ]
241 silly gunzTarPerm extractEntry lib/bindings.js
242 silly gunzTarPerm modified mode [ 'lib/bindings.js', 420, 438 ]
243 silly gunzTarPerm extractEntry lib/canvas.js
244 silly gunzTarPerm modified mode [ 'lib/canvas.js', 420, 438 ]
245 silly gunzTarPerm extractEntry doc/errors.md
246 silly gunzTarPerm modified mode [ 'doc/errors.md', 436, 438 ]
247 silly gunzTarPerm extractEntry doc/maybe_types.md
248 silly gunzTarPerm modified mode [ 'doc/maybe_types.md', 436, 438 ]
249 silly gunzTarPerm extractEntry lib/context2d.js
250 silly gunzTarPerm modified mode [ 'lib/context2d.js', 420, 438 ]
251 silly gunzTarPerm extractEntry lib/image.js
252 silly gunzTarPerm modified mode [ 'lib/image.js', 420, 438 ]
253 silly gunzTarPerm extractEntry doc/methods.md
254 silly gunzTarPerm modified mode [ 'doc/methods.md', 436, 438 ]
255 silly gunzTarPerm extractEntry doc/new.md
256 silly gunzTarPerm modified mode [ 'doc/new.md', 436, 438 ]
257 silly gunzTarPerm extractEntry lib/jpegstream.js
258 silly gunzTarPerm modified mode [ 'lib/jpegstream.js', 420, 438 ]
259 silly gunzTarPerm extractEntry lib/pngstream.js
260 silly gunzTarPerm modified mode [ 'lib/pngstream.js', 420, 438 ]
261 silly gunzTarPerm extractEntry doc/buffers.md
262 silly gunzTarPerm modified mode [ 'doc/buffers.md', 436, 438 ]
263 silly gunzTarPerm extractEntry doc/object_wrappers.md
264 silly gunzTarPerm modified mode [ 'doc/object_wrappers.md', 436, 438 ]
265 silly gunzTarPerm extractEntry History.md
266 silly gunzTarPerm modified mode [ 'History.md', 420, 438 ]
267 silly gunzTarPerm extractEntry src/Image.cc
268 silly gunzTarPerm modified mode [ 'src/Image.cc', 420, 438 ]
269 silly gunzTarPerm extractEntry doc/persistent.md
270 silly gunzTarPerm modified mode [ 'doc/persistent.md', 436, 438 ]
271 silly gunzTarPerm extractEntry doc/scopes.md
272 silly gunzTarPerm modified mode [ 'doc/scopes.md', 436, 438 ]
273 silly gunzTarPerm extractEntry src/Canvas.cc
274 silly gunzTarPerm modified mode [ 'src/Canvas.cc', 420, 438 ]
275 silly gunzTarPerm extractEntry src/CanvasGradient.cc
276 silly gunzTarPerm modified mode [ 'src/CanvasGradient.cc', 420, 438 ]
277 silly gunzTarPerm extractEntry doc/script.md
278 silly gunzTarPerm modified mode [ 'doc/script.md', 436, 438 ]
279 silly gunzTarPerm extractEntry doc/string_bytes.md
280 silly gunzTarPerm modified mode [ 'doc/string_bytes.md', 436, 438 ]
281 silly gunzTarPerm extractEntry src/CanvasGradient.h
282 silly gunzTarPerm modified mode [ 'src/CanvasGradient.h', 420, 438 ]
283 silly gunzTarPerm extractEntry src/CanvasPattern.cc
284 silly gunzTarPerm modified mode [ 'src/CanvasPattern.cc', 420, 438 ]
285 silly gunzTarPerm extractEntry doc/v8_internals.md
286 silly gunzTarPerm modified mode [ 'doc/v8_internals.md', 436, 438 ]
287 silly gunzTarPerm extractEntry doc/v8_misc.md
288 silly gunzTarPerm modified mode [ 'doc/v8_misc.md', 436, 438 ]
289 silly gunzTarPerm extractEntry nan.h
290 silly gunzTarPerm modified mode [ 'nan.h', 436, 438 ]
291 silly gunzTarPerm extractEntry nan_callbacks.h
292 silly gunzTarPerm modified mode [ 'nan_callbacks.h', 436, 438 ]
293 silly gunzTarPerm extractEntry nan_callbacks_12_inl.h
294 silly gunzTarPerm modified mode [ 'nan_callbacks_12_inl.h', 436, 438 ]
295 silly gunzTarPerm extractEntry nan_callbacks_pre_12_inl.h
296 silly gunzTarPerm modified mode [ 'nan_callbacks_pre_12_inl.h', 436, 438 ]
297 silly gunzTarPerm extractEntry nan_converters_43_inl.h
298 silly gunzTarPerm modified mode [ 'nan_converters_43_inl.h', 436, 438 ]
299 silly gunzTarPerm extractEntry nan_converters_pre_43_inl.h
300 silly gunzTarPerm modified mode [ 'nan_converters_pre_43_inl.h', 436, 438 ]
301 silly gunzTarPerm extractEntry nan_implementation_12_inl.h
302 silly gunzTarPerm modified mode [ 'nan_implementation_12_inl.h', 436, 438 ]
303 silly gunzTarPerm extractEntry nan_implementation_pre_12_inl.h
304 silly gunzTarPerm modified mode [ 'nan_implementation_pre_12_inl.h', 436, 438 ]
305 silly gunzTarPerm extractEntry nan_maybe_43_inl.h
306 silly gunzTarPerm modified mode [ 'nan_maybe_43_inl.h', 436, 438 ]
307 silly gunzTarPerm extractEntry nan_maybe_pre_43_inl.h
308 silly gunzTarPerm modified mode [ 'nan_maybe_pre_43_inl.h', 436, 438 ]
309 silly gunzTarPerm extractEntry nan_new.h
310 silly gunzTarPerm modified mode [ 'nan_new.h', 436, 438 ]
311 silly gunzTarPerm extractEntry nan_object_wrap.h
312 silly gunzTarPerm modified mode [ 'nan_object_wrap.h', 436, 438 ]
313 silly gunzTarPerm extractEntry nan_persistent_12_inl.h
314 silly gunzTarPerm modified mode [ 'nan_persistent_12_inl.h', 436, 438 ]
315 silly gunzTarPerm extractEntry nan_persistent_pre_12_inl.h
316 silly gunzTarPerm modified mode [ 'nan_persistent_pre_12_inl.h', 436, 438 ]
317 silly gunzTarPerm extractEntry nan_string_bytes.h
318 silly gunzTarPerm modified mode [ 'nan_string_bytes.h', 436, 438 ]
319 silly gunzTarPerm extractEntry nan_typedarray_contents.h
320 silly gunzTarPerm modified mode [ 'nan_typedarray_contents.h', 436, 438 ]
321 silly gunzTarPerm extractEntry nan_weak.h
322 silly gunzTarPerm modified mode [ 'nan_weak.h', 436, 438 ]
323 silly gunzTarPerm extractEntry CHANGELOG.md
324 silly gunzTarPerm modified mode [ 'CHANGELOG.md', 436, 438 ]
325 silly gunzTarPerm extractEntry tools/package.json
326 silly gunzTarPerm modified mode [ 'tools/package.json', 436, 438 ]
327 silly gunzTarPerm extractEntry tools/README.md
328 silly gunzTarPerm modified mode [ 'tools/README.md', 436, 438 ]
329 silly gunzTarPerm extractEntry tools/1to2.js
330 silly gunzTarPerm modified mode [ 'tools/1to2.js', 509, 511 ]
331 silly gunzTarPerm extractEntry src/CanvasPattern.h
332 silly gunzTarPerm modified mode [ 'src/CanvasPattern.h', 420, 438 ]
333 silly gunzTarPerm extractEntry src/CanvasRenderingContext2d.cc
334 silly gunzTarPerm modified mode [ 'src/CanvasRenderingContext2d.cc', 493, 511 ]
335 silly gunzTarPerm extractEntry src/CanvasRenderingContext2d.h
336 silly gunzTarPerm modified mode [ 'src/CanvasRenderingContext2d.h', 420, 438 ]
337 silly gunzTarPerm extractEntry src/FontFace.cc
338 silly gunzTarPerm modified mode [ 'src/FontFace.cc', 493, 511 ]
339 silly gunzTarPerm extractEntry src/FontFace.h
340 silly gunzTarPerm modified mode [ 'src/FontFace.h', 420, 438 ]
341 silly gunzTarPerm extractEntry src/Canvas.h
342 silly gunzTarPerm modified mode [ 'src/Canvas.h', 420, 438 ]
343 silly gunzTarPerm extractEntry src/Image.h
344 silly gunzTarPerm modified mode [ 'src/Image.h', 420, 438 ]
345 silly gunzTarPerm extractEntry src/ImageData.cc
346 silly gunzTarPerm modified mode [ 'src/ImageData.cc', 420, 438 ]
347 silly gunzTarPerm extractEntry src/ImageData.h
348 silly gunzTarPerm modified mode [ 'src/ImageData.h', 420, 438 ]
349 silly gunzTarPerm extractEntry src/JPEGStream.h
350 silly gunzTarPerm modified mode [ 'src/JPEGStream.h', 420, 438 ]
351 silly gunzTarPerm extractEntry src/PNG.h
352 silly gunzTarPerm modified mode [ 'src/PNG.h', 420, 438 ]
353 silly gunzTarPerm extractEntry src/Point.h
354 silly gunzTarPerm modified mode [ 'src/Point.h', 420, 438 ]
355 silly gunzTarPerm extractEntry src/closure.h
356 silly gunzTarPerm modified mode [ 'src/closure.h', 420, 438 ]
357 silly gunzTarPerm extractEntry src/color.cc
358 silly gunzTarPerm modified mode [ 'src/color.cc', 420, 438 ]
359 silly gunzTarPerm extractEntry src/color.h
360 silly gunzTarPerm modified mode [ 'src/color.h', 420, 438 ]
361 silly gunzTarPerm extractEntry src/init.cc
362 silly gunzTarPerm modified mode [ 'src/init.cc', 493, 511 ]
363 silly gunzTarPerm extractEntry util/has_lib.sh
364 silly gunzTarPerm modified mode [ 'util/has_lib.sh', 493, 511 ]
365 silly gentlyRm C:\Users\uli\projects\StrataJS\node_modules\.staging\express-bc22d774\node_modules is being purged
366 verbose gentlyRm don't care about contents; nuking C:\Users\uli\projects\StrataJS\node_modules\.staging\express-bc22d774\node_modules
367 silly gentlyRm C:\Users\uli\projects\StrataJS\node_modules\.staging\canvas-790a210e\node_modules is being purged
368 verbose gentlyRm don't care about contents; nuking C:\Users\uli\projects\StrataJS\node_modules\.staging\canvas-790a210e\node_modules
369 silly gentlyRm C:\Users\uli\projects\StrataJS\node_modules\.staging\nan-8715b4d9\node_modules is being purged
370 verbose gentlyRm don't care about contents; nuking C:\Users\uli\projects\StrataJS\node_modules\.staging\nan-8715b4d9\node_modules
371 silly doParallel preinstall 3
372 silly preinstall nan@2.3.3 C:\Users\uli\projects\StrataJS\node_modules\.staging\nan-8715b4d9
373 info lifecycle nan@2.3.3~preinstall: nan@2.3.3
374 silly preinstall canvas@1.3.16 C:\Users\uli\projects\StrataJS\node_modules\.staging\canvas-790a210e
375 info lifecycle canvas@1.3.16~preinstall: canvas@1.3.16
376 silly preinstall express@4.13.4 C:\Users\uli\projects\StrataJS\node_modules\.staging\express-bc22d774
377 info lifecycle express@4.13.4~preinstall: express@4.13.4
378 silly lifecycle nan@2.3.3~preinstall: no script for preinstall, continuing
379 silly lifecycle canvas@1.3.16~preinstall: no script for preinstall, continuing
380 silly lifecycle express@4.13.4~preinstall: no script for preinstall, continuing
381 silly doReverseSerial remove 0
382 silly doSerial move 0
383 silly doSerial finalize 3
384 silly finalize C:\Users\uli\projects\StrataJS\node_modules\nan
385 silly finalize C:\Users\uli\projects\StrataJS\node_modules\canvas
386 silly finalize C:\Users\uli\projects\StrataJS\node_modules\express
387 silly doSerial build 3
388 silly build nan@2.3.3
389 info linkStuff nan@2.3.3
390 silly linkStuff nan@2.3.3 has C:\Users\uli\projects\StrataJS\node_modules as its parent node_modules
391 verbose linkBins nan@2.3.3
392 verbose linkMans nan@2.3.3
393 silly build canvas@1.3.16
394 info linkStuff canvas@1.3.16
395 silly linkStuff canvas@1.3.16 has C:\Users\uli\projects\StrataJS\node_modules as its parent node_modules
396 verbose linkBins canvas@1.3.16
397 verbose linkMans canvas@1.3.16
398 silly build express@4.13.4
399 info linkStuff express@4.13.4
400 silly linkStuff express@4.13.4 has C:\Users\uli\projects\StrataJS\node_modules as its parent node_modules
401 verbose linkBins express@4.13.4
402 verbose linkMans express@4.13.4
403 silly doSerial global-link 0
404 silly doParallel update-linked 0
405 silly doSerial install 3
406 silly install nan@2.3.3 C:\Users\uli\projects\StrataJS\node_modules\.staging\nan-8715b4d9
407 info lifecycle nan@2.3.3~install: nan@2.3.3
408 silly lifecycle nan@2.3.3~install: no script for install, continuing
409 silly install canvas@1.3.16 C:\Users\uli\projects\StrataJS\node_modules\.staging\canvas-790a210e
410 info lifecycle canvas@1.3.16~install: canvas@1.3.16
411 verbose lifecycle canvas@1.3.16~install: unsafe-perm in lifecycle true
412 verbose lifecycle canvas@1.3.16~install: PATH: C:\Program Files\nodejs\node_modules\npm\bin\node-gyp-bin;C:\Users\uli\projects\StrataJS\node_modules\canvas\node_modules\.bin;C:\Users\uli\projects\StrataJS\node_modules\.bin;C:\Program Files\nodejs;C:\Users\uli\.local\bin;C:\Users\uli\.babun\cygwin\usr\local\bin;C:\Users\uli\.babun\cygwin\bin;C:\ProgramData\Oracle\Java\javapath;C:\Program Files\Common Files\Microsoft Shared\Windows Live;C:\Program Files (x86)\Common Files\Microsoft Shared\Windows Live;C:\Program Files (x86)\AMD APP\bin\x86_64;C:\Program Files (x86)\AMD APP\bin\x86;C:\Program Files (x86)\Intel\iCLS Client;C:\Program Files\Intel\iCLS Client;C:\Windows\system32;C:\Windows;C:\Windows\System32\Wbem;C:\Windows\System32\WindowsPowerShell\v1.0;C:\Program Files\Intel\Intel(R) Management Engine Components\DAL;C:\Program Files\Intel\Intel(R) Management Engine Components\IPT;C:\Program Files (x86)\Intel\Intel(R) Management Engine Components\DAL;C:\Program Files (x86)\Intel\Intel(R) Management Engine Components\IPT;C:\Program Files (x86)\ATI Technologies\ATI.ACE\Core-Static;C:\Program Files\Calibre2;C:\Program Files\Microsoft SQL Server\110\Tools\Binn;C:\Program Files (x86)\CMake 2.8\bin;C:\Python27;C:\Program Files (x86)\Windows Live\Shared;C:\Program Files (x86)\AMD\ATI.ACE\Core-Static;C:\Program Files (x86)\Windows Kits\8.1\Windows Performance Toolkit;C:\Program Files\Microsoft SQL Server\120\Tools\Binn;C:\Program Files (x86)\NVIDIA Corporation\PhysX\Common;D:\Dropbox\projects\eclipse\android-sdk\platform-tools;C:\WINDOWS\system32;C:\WINDOWS;C:\WINDOWS\System32\Wbem;C:\WINDOWS\System32\WindowsPowerShell\v1.0;C:\Program Files (x86)\Toshiba\Bluetooth Toshiba Stack\sys;C:\Program Files (x86)\Toshiba\Bluetooth Toshiba Stack\sys\x64;C:\Program Files\WIDCOMM\Bluetooth Software;C:\Program Files\WIDCOMM\Bluetooth Software\syswow64;C:\Program Files (x86)\GtkSharp\2.12\bin;C:\Program Files (x86)\Skype\Phone;C:\Program Files\nodejs;C:\Program Files\Common Files\Microsoft Shared\Windows Live;C:\Program Files (x86)\Common Files\Microsoft Shared\Windows Live;C:\Program Files (x86)\AMD APP\bin\x86_64;C:\Program Files (x86)\AMD APP\bin\x86;C:\Program Files (x86)\Intel\iCLS Client;C:\Program Files\Intel\iCLS Client;C:\Windows\system32;C:\Windows;C:\Windows\System32\Wbem;C:\Windows\System32\WindowsPowerShell\v1.0;C:\Program Files\Intel\Intel(R) Management Engine Components\DAL;C:\Program Files\Intel\Intel(R) Management Engine Components\IPT;C:\Program Files (x86)\Intel\Intel(R) Management Engine Components\DAL;C:\Program Files (x86)\Intel\Intel(R) Management Engine Components\IPT;C:\Program Files (x86)\ATI Technologies\ATI.ACE\Core-Static;C:\Program Files\Calibre2;C:\Program Files\Microsoft SQL Server\110\Tools\Binn;C:\Program Files (x86)\CMake 2.8\bin;C:\Python27;C:\Python27\Scripts;C:\Program Files (x86)\Windows Live\Shared;C:\Program Files (x86)\AMD\ATI.ACE\Core-Static;C:\Program Files (x86)\Windows Kits\8.1\Windows Performance Toolkit;C:\Program Files\M;C:\Users\uli\.babun;C:\Users\uli\AppData\Roaming\npm;C:\Users\uli\.babun\cygwin\lib\lapack
413 verbose lifecycle canvas@1.3.16~install: CWD: C:\Users\uli\projects\StrataJS\node_modules\canvas
414 silly lifecycle canvas@1.3.16~install: Args: [ '/d /s /c', 'node-gyp rebuild' ]
415 silly lifecycle canvas@1.3.16~install: Returned: code: 1  signal: null
416 info lifecycle canvas@1.3.16~install: Failed to exec install script
417 verbose unlock done using C:\Users\uli\AppData\Roaming\npm-cache\_locks\staging-6e4bcc4c09cc22f2.lock for C:\Users\uli\projects\StrataJS\node_modules\.staging
418 silly rollbackFailedOptional Starting
419 silly rollbackFailedOptional Finishing
420 silly runTopLevelLifecycles Starting
421 silly runTopLevelLifecycles Finishing
422 silly install printInstalled
423 warn enoent ENOENT: no such file or directory, open 'C:\Users\uli\projects\StrataJS\package.json'
424 warn StrataJS No description
425 warn StrataJS No repository field.
426 warn StrataJS No README data
427 warn StrataJS No license field.
428 verbose stack Error: canvas@1.3.16 install: `node-gyp rebuild`
428 verbose stack Exit status 1
428 verbose stack     at EventEmitter.<anonymous> (C:\Program Files\nodejs\node_modules\npm\lib\utils\lifecycle.js:239:16)
428 verbose stack     at emitTwo (events.js:100:13)
428 verbose stack     at EventEmitter.emit (events.js:185:7)
428 verbose stack     at ChildProcess.<anonymous> (C:\Program Files\nodejs\node_modules\npm\lib\utils\spawn.js:24:14)
428 verbose stack     at emitTwo (events.js:100:13)
428 verbose stack     at ChildProcess.emit (events.js:185:7)
428 verbose stack     at maybeClose (internal/child_process.js:850:16)
428 verbose stack     at Process.ChildProcess._handle.onexit (internal/child_process.js:215:5)
429 verbose pkgid canvas@1.3.16
430 verbose cwd C:\Users\uli\projects\StrataJS
431 error Windows_NT 10.0.10586
432 error argv "C:\\Program Files\\nodejs\\node.exe" "C:\\Program Files\\nodejs\\node_modules\\npm\\bin\\npm-cli.js" "install" "canvas"
433 error node v5.10.1
434 error npm  v3.8.3
435 error code ELIFECYCLE
436 error canvas@1.3.16 install: `node-gyp rebuild`
436 error Exit status 1
437 error Failed at the canvas@1.3.16 install script 'node-gyp rebuild'.
437 error Make sure you have the latest version of node.js and npm installed.
437 error If you do, this is most likely a problem with the canvas package,
437 error not with npm itself.
437 error Tell the author that this fails on your system:
437 error     node-gyp rebuild
437 error You can get information on how to open an issue for this project with:
437 error     npm bugs canvas
437 error Or if that isn't available, you can get their info via:
437 error     npm owner ls canvas
437 error There is likely additional logging output above.
438 verbose exit [ 1, true ]
